<?xml version="1.0" encoding="UTF-8"?>
<!-- Generated by org.testng.reporters.JUnitReportReporter -->
<testsuite hostname="MUM-TSI-AN-L362" failures="0" tests="1" name="com.facebook.automate.ExistingUserLogin" time="2.265" errors="0" timestamp="2022-01-10T19:49:02 IST" skipped="0">
  <testcase classname="com.facebook.automate.ExistingUserLogin" name="ExistingUserLogin" time="2.265"/>
  <system-out/>
</testsuite> <!-- com.facebook.automate.ExistingUserLogin -->
