<?xml version="1.0" encoding="UTF-8"?>
<!-- Generated by org.testng.reporters.JUnitReportReporter -->
<testsuite hostname="MUM-TSI-AN-L362" failures="0" tests="2" name="demoDataCheck.HardAssert" time="0.010" errors="0" timestamp="2022-01-08T17:50:35 IST" skipped="0">
  <testcase classname="demoDataCheck.HardAssert" name="modifyCustomer" time="0.002"/>
  <system-out/>
  <testcase classname="demoDataCheck.HardAssert" name="createCustomer" time="0.008"/>
  <system-out/>
</testsuite> <!-- demoDataCheck.HardAssert -->
