<?xml version="1.0" encoding="UTF-8"?>
<!-- Generated by org.testng.reporters.JUnitReportReporter -->
<testsuite hostname="MUM-TSI-AN-L362" failures="0" tests="1" name="demoDataCheck.doubleclick" time="4.389" errors="0" timestamp="2022-01-09T13:37:00 IST" skipped="0">
  <testcase classname="demoDataCheck.doubleclick" name="testing" time="4.389"/>
  <system-out/>
</testsuite> <!-- demoDataCheck.doubleclick -->
