<?xml version="1.0" encoding="UTF-8"?>
<!-- Generated by org.testng.reporters.JUnitReportReporter -->
<testsuite hostname="MUM-TSI-AN-L362" failures="0" tests="1" name="demoDataCheck.Autosignup" time="3.191" errors="0" timestamp="2022-01-10T19:26:50 IST" skipped="0">
  <testcase classname="demoDataCheck.Autosignup" name="signup" time="3.191"/>
  <system-out/>
</testsuite> <!-- demoDataCheck.Autosignup -->
