<?xml version="1.0" encoding="UTF-8"?>
<!-- Generated by org.testng.reporters.JUnitReportReporter -->
<testsuite hostname="MUM-TSI-AN-L362" failures="0" tests="1" name="demoDataCheck.selectCheck" time="33.004" errors="0" timestamp="2022-01-09T15:05:46 IST" skipped="0">
  <testcase classname="demoDataCheck.selectCheck" name="demo" time="33.004"/>
  <system-out/>
</testsuite> <!-- demoDataCheck.selectCheck -->
