<?xml version="1.0" encoding="UTF-8"?>
<!-- Generated by org.testng.reporters.JUnitReportReporter -->
<testsuite hostname="MUM-TSI-AN-L362" failures="0" tests="1" name="com.facebook.automate.Autosignup" time="2.771" errors="0" timestamp="2022-01-13T12:36:42 IST" skipped="0">
  <testcase classname="com.facebook.automate.Autosignup" name="signup" time="2.771"/>
  <system-out/>
</testsuite> <!-- com.facebook.automate.Autosignup -->
