<?xml version="1.0" encoding="UTF-8"?>
<!-- Generated by org.testng.reporters.JUnitReportReporter -->
<testsuite hostname="MUM-TSI-AN-L362" failures="0" tests="1" name="demoDataCheck.ScreenShot" time="7.247" errors="0" timestamp="2022-01-09T13:21:21 IST" skipped="0">
  <testcase classname="demoDataCheck.ScreenShot" name="sshot" time="7.247"/>
  <system-out/>
</testsuite> <!-- demoDataCheck.ScreenShot -->
