<?xml version="1.0" encoding="UTF-8"?>
<!-- Generated by org.testng.reporters.JUnitReportReporter -->
<testsuite hostname="MUM-TSI-AN-L362" failures="0" tests="2" name="demoDataCheck.softassert" time="0.011" errors="0" timestamp="2022-01-08T18:04:41 IST" skipped="0">
  <testcase classname="demoDataCheck.softassert" name="soff" time="0.002"/>
  <system-out/>
  <testcase classname="demoDataCheck.softassert" name="sof" time="0.009"/>
  <system-out/>
</testsuite> <!-- demoDataCheck.softassert -->
