<?xml version="1.0" encoding="UTF-8"?>
<!-- Generated by org.testng.reporters.JUnitReportReporter -->
<testsuite hostname="MUM-TSI-AN-L362" failures="0" tests="1" name="demoDataCheck.drpdown" time="10.213" errors="0" timestamp="2022-01-09T19:11:17 IST" skipped="0">
  <testcase classname="demoDataCheck.drpdown" name="demo" time="10.213"/>
  <system-out/>
</testsuite> <!-- demoDataCheck.drpdown -->
