<?xml version="1.0" encoding="UTF-8"?>
<!-- Generated by org.testng.reporters.JUnitReportReporter -->
<testsuite hostname="MUM-TSI-AN-L362" failures="0" tests="1" name="demoDataCheck.AutoSignup2" time="2.546" errors="0" timestamp="2022-01-10T19:24:55 IST" skipped="0">
  <testcase classname="demoDataCheck.AutoSignup2" name="singup" time="2.546"/>
  <system-out/>
</testsuite> <!-- demoDataCheck.AutoSignup2 -->
