<?xml version="1.0" encoding="UTF-8"?>
<!-- Generated by org.testng.reporters.JUnitReportReporter -->
<testsuite hostname="MUM-TSI-AN-L362" failures="0" tests="1" name="demoDataCheck.ScrrenShot" time="16.065" errors="0" timestamp="2022-01-09T13:13:25 IST" skipped="0">
  <testcase classname="demoDataCheck.ScrrenShot" name="sshot" time="16.065"/>
  <system-out/>
</testsuite> <!-- demoDataCheck.ScrrenShot -->
