<?xml version="1.0" encoding="UTF-8"?>
<!-- Generated by org.testng.reporters.JUnitReportReporter -->
<testsuite hostname="MUM-TSI-AN-L362" failures="0" tests="2" name="demoDataCheck.HardAssert1" time="0.008" errors="0" timestamp="2022-01-08T17:58:13 IST" skipped="0">
  <testcase classname="demoDataCheck.HardAssert1" name="createCustomer" time="0.007"/>
  <system-out/>
  <testcase classname="demoDataCheck.HardAssert1" name="modifyCustomer" time="0.001"/>
  <system-out/>
</testsuite> <!-- demoDataCheck.HardAssert1 -->
