<?xml version="1.0" encoding="UTF-8"?>
<!-- Generated by org.testng.reporters.JUnitReportReporter -->
<testsuite hostname="MUM-TSI-AN-L362" failures="0" tests="1" name="demoDataCheck.smokeTest" time="0.005" errors="0" timestamp="2022-01-07T22:34:06 IST" skipped="0">
  <testcase classname="demoDataCheck.smokeTest" name="demo" time="0.005"/>
  <system-out/>
</testsuite> <!-- demoDataCheck.smokeTest -->
