<?xml version="1.0" encoding="UTF-8"?>
<!-- Generated by org.testng.reporters.JUnitReportReporter -->
<testsuite hostname="MUM-TSI-AN-L362" failures="0" tests="4" name="demoDataCheck.dependsonmethods$prioprity" time="0.012" errors="0" timestamp="2022-01-09T13:31:36 IST" skipped="0">
  <testcase classname="demoDataCheck.dependsonmethods$prioprity" name="create" time="0.001"/>
  <system-out/>
  <testcase classname="demoDataCheck.dependsonmethods$prioprity" name="deletecreate" time="0.001"/>
  <system-out/>
  <testcase classname="demoDataCheck.dependsonmethods$prioprity" name="modifycreate" time="0.002"/>
  <system-out/>
  <testcase classname="demoDataCheck.dependsonmethods$prioprity" name="Secondcreate" time="0.008"/>
  <system-out/>
</testsuite> <!-- demoDataCheck.dependsonmethods$prioprity -->
