<?xml version="1.0" encoding="UTF-8"?>
<!-- Generated by org.testng.reporters.JUnitReportReporter -->
<testsuite hostname="MUM-TSI-AN-L362" failures="0" tests="3" name="demoDataCheck.smoke" time="0.010" errors="0" timestamp="2022-01-08T16:58:50 IST" skipped="0">
  <testcase classname="demoDataCheck.smoke" name="demo" time="0.006"/>
  <system-out/>
  <testcase classname="demoDataCheck.smoke" name="demo2" time="0.002"/>
  <system-out/>
  <testcase classname="demoDataCheck.smoke" name="demo3" time="0.002"/>
  <system-out/>
</testsuite> <!-- demoDataCheck.smoke -->
