<?xml version="1.0" encoding="UTF-8"?>
<!-- Generated by org.testng.reporters.JUnitReportReporter -->
<testsuite hostname="MUM-TSI-AN-L362" failures="0" tests="3" name="com.facebook.automate.DdtHardcode" time="21.062" errors="0" timestamp="2022-01-13T17:27:30 IST" skipped="0">
  <testcase classname="com.facebook.automate.DdtHardcode" name="signup" time="6.655"/>
  <system-out/>
  <testcase classname="com.facebook.automate.DdtHardcode" name="signup" time="7.158"/>
  <system-out/>
  <testcase classname="com.facebook.automate.DdtHardcode" name="signup" time="7.249"/>
  <system-out/>
</testsuite> <!-- com.facebook.automate.DdtHardcode -->
